\\vmware-host\Shared Folders\Documents\GlobalCurve\globalCurve0_7_2\Debug\acceptor_et.obj
\\vmware-host\Shared Folders\Documents\GlobalCurve\globalCurve0_7_2\Debug\add_noise_to_data.obj
\\vmware-host\Shared Folders\Documents\GlobalCurve\globalCurve0_7_2\Debug\append_string.obj
\\vmware-host\Shared Folders\Documents\GlobalCurve\globalCurve0_7_2\Debug\area_under_the_curve.obj
\\vmware-host\Shared Folders\Documents\GlobalCurve\globalCurve0_7_2\Debug\arr_write.obj
\\vmware-host\Shared Folders\Documents\GlobalCurve\globalCurve0_7_2\Debug\asymptotic_elipse.obj
\\vmware-host\Shared Folders\Documents\GlobalCurve\globalCurve0_7_2\Debug\binding_plot.obj
\\vmware-host\Shared Folders\Documents\GlobalCurve\globalCurve0_7_2\Debug\bisect.obj
\\vmware-host\Shared Folders\Documents\GlobalCurve\globalCurve0_7_2\Debug\bisect2.obj
\\vmware-host\Shared Folders\Documents\GlobalCurve\globalCurve0_7_2\Debug\broydn.obj
\\vmware-host\Shared Folders\Documents\GlobalCurve\globalCurve0_7_2\Debug\ca_gr_2_titr.obj
\\vmware-host\Shared Folders\Documents\GlobalCurve\globalCurve0_7_2\Debug\calc_chi_sqr.obj
\\vmware-host\Shared Folders\Documents\GlobalCurve\globalCurve0_7_2\Debug\calc_covariance.obj
\\vmware-host\Shared Folders\Documents\GlobalCurve\globalCurve0_7_2\Debug\calc_curvature_gradient.obj
\\vmware-host\Shared Folders\Documents\GlobalCurve\globalCurve0_7_2\Debug\calc_gamma.obj
\\vmware-host\Shared Folders\Documents\GlobalCurve\globalCurve0_7_2\Debug\calc_gamma_mean_hw.obj
\\vmware-host\Shared Folders\Documents\GlobalCurve\globalCurve0_7_2\Debug\calc_gaus.obj
\\vmware-host\Shared Folders\Documents\GlobalCurve\globalCurve0_7_2\Debug\calc_gaus_mean_hw.obj
\\vmware-host\Shared Folders\Documents\GlobalCurve\globalCurve0_7_2\Debug\calc_isometric_twitch.obj
\\vmware-host\Shared Folders\Documents\GlobalCurve\globalCurve0_7_2\Debug\calc_isotonic_twitch.obj
\\vmware-host\Shared Folders\Documents\GlobalCurve\globalCurve0_7_2\Debug\calc_mean&hw.obj
\\vmware-host\Shared Folders\Documents\GlobalCurve\globalCurve0_7_2\Debug\calc_mean_hw.obj
\\vmware-host\Shared Folders\Documents\GlobalCurve\globalCurve0_7_2\Debug\calc_mom_gamma.obj
\\vmware-host\Shared Folders\Documents\GlobalCurve\globalCurve0_7_2\Debug\calc_mom_gaus.obj
\\vmware-host\Shared Folders\Documents\GlobalCurve\globalCurve0_7_2\Debug\calc_rsix.obj
\\vmware-host\Shared Folders\Documents\GlobalCurve\globalCurve0_7_2\Debug\calc_three_state_A_M.obj
\\vmware-host\Shared Folders\Documents\GlobalCurve\globalCurve0_7_2\Debug\calc_three_state_bapta.obj
\\vmware-host\Shared Folders\Documents\GlobalCurve\globalCurve0_7_2\Debug\calc_three_state_contraction.obj
\\vmware-host\Shared Folders\Documents\GlobalCurve\globalCurve0_7_2\Debug\calc_three_state_diazo_2.obj
\\vmware-host\Shared Folders\Documents\GlobalCurve\globalCurve0_7_2\Debug\calc_three_state_ktr.obj
\\vmware-host\Shared Folders\Documents\GlobalCurve\globalCurve0_7_2\Debug\calc_three_state_quin2.obj
\\vmware-host\Shared Folders\Documents\GlobalCurve\globalCurve0_7_2\Debug\chi_conf.obj
\\vmware-host\Shared Folders\Documents\GlobalCurve\globalCurve0_7_2\Debug\cluster.obj
\\vmware-host\Shared Folders\Documents\GlobalCurve\globalCurve0_7_2\Debug\color_scheme.obj
\\vmware-host\Shared Folders\Documents\GlobalCurve\globalCurve0_7_2\Debug\const_dest.obj
\\vmware-host\Shared Folders\Documents\GlobalCurve\globalCurve0_7_2\Debug\convolute.obj
\\vmware-host\Shared Folders\Documents\GlobalCurve\globalCurve0_7_2\Debug\corners.obj
\\vmware-host\Shared Folders\Documents\GlobalCurve\globalCurve0_7_2\Debug\corners_tmp.obj
\\vmware-host\Shared Folders\Documents\GlobalCurve\globalCurve0_7_2\Debug\crunch.obj
\\vmware-host\Shared Folders\Documents\GlobalCurve\globalCurve0_7_2\Debug\derivative.obj
\\vmware-host\Shared Folders\Documents\GlobalCurve\globalCurve0_7_2\Debug\DF60.PDB
\\vmware-host\Shared Folders\Documents\GlobalCurve\globalCurve0_7_2\Debug\diffuse.obj
\\vmware-host\Shared Folders\Documents\GlobalCurve\globalCurve0_7_2\Debug\diffuse_et.obj
\\vmware-host\Shared Folders\Documents\GlobalCurve\globalCurve0_7_2\Debug\disc_et.obj
\\vmware-host\Shared Folders\Documents\GlobalCurve\globalCurve0_7_2\Debug\dist_et.obj
\\vmware-host\Shared Folders\Documents\GlobalCurve\globalCurve0_7_2\Debug\dist_k.obj
\\vmware-host\Shared Folders\Documents\GlobalCurve\globalCurve0_7_2\Debug\do_bootstrap.obj
\\vmware-host\Shared Folders\Documents\GlobalCurve\globalCurve0_7_2\Debug\dump_raw.obj
\\vmware-host\Shared Folders\Documents\GlobalCurve\globalCurve0_7_2\Debug\error_handler.obj
\\vmware-host\Shared Folders\Documents\GlobalCurve\globalCurve0_7_2\Debug\expt_fit.obj
\\vmware-host\Shared Folders\Documents\GlobalCurve\globalCurve0_7_2\Debug\expt_type_parser.obj
\\vmware-host\Shared Folders\Documents\GlobalCurve\globalCurve0_7_2\Debug\f_conf.obj
\\vmware-host\Shared Folders\Documents\GlobalCurve\globalCurve0_7_2\Debug\fdjac.obj
\\vmware-host\Shared Folders\Documents\GlobalCurve\globalCurve0_7_2\Debug\first_order_anharmonic.obj
\\vmware-host\Shared Folders\Documents\GlobalCurve\globalCurve0_7_2\Debug\fmin.obj
\\vmware-host\Shared Folders\Documents\GlobalCurve\globalCurve0_7_2\Debug\frac.obj
\\vmware-host\Shared Folders\Documents\GlobalCurve\globalCurve0_7_2\Debug\frac_sat.obj
\\vmware-host\Shared Folders\Documents\GlobalCurve\globalCurve0_7_2\Debug\gamma_decay.obj
\\vmware-host\Shared Folders\Documents\GlobalCurve\globalCurve0_7_2\Debug\gamma_diffuse_et.obj
\\vmware-host\Shared Folders\Documents\GlobalCurve\globalCurve0_7_2\Debug\gamma_dist.obj
\\vmware-host\Shared Folders\Documents\GlobalCurve\globalCurve0_7_2\Debug\gamma_dist_et.obj
\\vmware-host\Shared Folders\Documents\GlobalCurve\globalCurve0_7_2\Debug\gaus_decay.obj
\\vmware-host\Shared Folders\Documents\GlobalCurve\globalCurve0_7_2\Debug\gaus_diffuse_et.obj
\\vmware-host\Shared Folders\Documents\GlobalCurve\globalCurve0_7_2\Debug\gaus_dist.obj
\\vmware-host\Shared Folders\Documents\GlobalCurve\globalCurve0_7_2\Debug\gaus_dist_et.obj
\\vmware-host\Shared Folders\Documents\GlobalCurve\globalCurve0_7_2\Debug\gaus_dist_k.obj
\\vmware-host\Shared Folders\Documents\GlobalCurve\globalCurve0_7_2\Debug\gaus_k.obj
\\vmware-host\Shared Folders\Documents\GlobalCurve\globalCurve0_7_2\Debug\gaussian.obj
\\vmware-host\Shared Folders\Documents\GlobalCurve\globalCurve0_7_2\Debug\gaussian_wrapper.obj
\\vmware-host\Shared Folders\Documents\GlobalCurve\globalCurve0_7_2\Debug\generate_lamp.obj
\\vmware-host\Shared Folders\Documents\GlobalCurve\globalCurve0_7_2\Debug\get_ca.obj
\\vmware-host\Shared Folders\Documents\GlobalCurve\globalCurve0_7_2\Debug\get_default.obj
\\vmware-host\Shared Folders\Documents\GlobalCurve\globalCurve0_7_2\Debug\get_distance.obj
\\vmware-host\Shared Folders\Documents\GlobalCurve\globalCurve0_7_2\Debug\get_nums_integer.obj
\\vmware-host\Shared Folders\Documents\GlobalCurve\globalCurve0_7_2\Debug\GlobalCurve.obj
\\vmware-host\Shared Folders\Documents\GlobalCurve\globalCurve0_7_2\Debug\globalCurve.pdb
\\vmware-host\Shared Folders\Documents\GlobalCurve\globalCurve0_7_2\Debug\h_binding_models.obj
\\vmware-host\Shared Folders\Documents\GlobalCurve\globalCurve0_7_2\Debug\h_constr_models.obj
\\vmware-host\Shared Folders\Documents\GlobalCurve\globalCurve0_7_2\Debug\h_dist_models.obj
\\vmware-host\Shared Folders\Documents\GlobalCurve\globalCurve0_7_2\Debug\h_dist_struct.obj
\\vmware-host\Shared Folders\Documents\GlobalCurve\globalCurve0_7_2\Debug\h_fluor_models.obj
\\vmware-host\Shared Folders\Documents\GlobalCurve\globalCurve0_7_2\Debug\h_fluor_wrapper_models.obj
\\vmware-host\Shared Folders\Documents\GlobalCurve\globalCurve0_7_2\Debug\h_gaus_struct.obj
\\vmware-host\Shared Folders\Documents\GlobalCurve\globalCurve0_7_2\Debug\h_general_models.obj
\\vmware-host\Shared Folders\Documents\GlobalCurve\globalCurve0_7_2\Debug\h_kinetics_models.obj
\\vmware-host\Shared Folders\Documents\GlobalCurve\globalCurve0_7_2\Debug\h_models.obj
\\vmware-host\Shared Folders\Documents\GlobalCurve\globalCurve0_7_2\Debug\h_params.obj
\\vmware-host\Shared Folders\Documents\GlobalCurve\globalCurve0_7_2\Debug\h_physiology_models.obj
\\vmware-host\Shared Folders\Documents\GlobalCurve\globalCurve0_7_2\Debug\h_plots.obj
\\vmware-host\Shared Folders\Documents\GlobalCurve\globalCurve0_7_2\Debug\h_rigorous.obj
\\vmware-host\Shared Folders\Documents\GlobalCurve\globalCurve0_7_2\Debug\h_routine_specific_vars.obj
\\vmware-host\Shared Folders\Documents\GlobalCurve\globalCurve0_7_2\Debug\h_routines.obj
\\vmware-host\Shared Folders\Documents\GlobalCurve\globalCurve0_7_2\Debug\h_struct.obj
\\vmware-host\Shared Folders\Documents\GlobalCurve\globalCurve0_7_2\Debug\h_utils.obj
\\vmware-host\Shared Folders\Documents\GlobalCurve\globalCurve0_7_2\Debug\h_vars.obj
\\vmware-host\Shared Folders\Documents\GlobalCurve\globalCurve0_7_2\Debug\h_w_vars.obj
\\vmware-host\Shared Folders\Documents\GlobalCurve\globalCurve0_7_2\Debug\harmonic.obj
\\vmware-host\Shared Folders\Documents\GlobalCurve\globalCurve0_7_2\Debug\hill.obj
\\vmware-host\Shared Folders\Documents\GlobalCurve\globalCurve0_7_2\Debug\horiz_polarized.obj
\\vmware-host\Shared Folders\Documents\GlobalCurve\globalCurve0_7_2\Debug\isometric_twitch_force.obj
\\vmware-host\Shared Folders\Documents\GlobalCurve\globalCurve0_7_2\Debug\isotonic_twitch_atpase.obj
\\vmware-host\Shared Folders\Documents\GlobalCurve\globalCurve0_7_2\Debug\Ka_constrain.obj
\\vmware-host\Shared Folders\Documents\GlobalCurve\globalCurve0_7_2\Debug\kinetics_plot_drv.obj
\\vmware-host\Shared Folders\Documents\GlobalCurve\globalCurve0_7_2\Debug\lifetime.obj
\\vmware-host\Shared Folders\Documents\GlobalCurve\globalCurve0_7_2\Debug\lnsrch.obj
\\vmware-host\Shared Folders\Documents\GlobalCurve\globalCurve0_7_2\Debug\load_clamp.obj
\\vmware-host\Shared Folders\Documents\GlobalCurve\globalCurve0_7_2\Debug\logic.obj
\\vmware-host\Shared Folders\Documents\GlobalCurve\globalCurve0_7_2\Debug\lubksb.obj
\\vmware-host\Shared Folders\Documents\GlobalCurve\globalCurve0_7_2\Debug\ludcmp.obj
\\vmware-host\Shared Folders\Documents\GlobalCurve\globalCurve0_7_2\Debug\main.obj
\\vmware-host\Shared Folders\Documents\GlobalCurve\globalCurve0_7_2\Debug\make_out_file_name.obj
\\vmware-host\Shared Folders\Documents\GlobalCurve\globalCurve0_7_2\Debug\manual_rigorous.obj
\\vmware-host\Shared Folders\Documents\GlobalCurve\globalCurve0_7_2\Debug\marquadt.obj
\\vmware-host\Shared Folders\Documents\GlobalCurve\globalCurve0_7_2\Debug\minimize.obj
\\vmware-host\Shared Folders\Documents\GlobalCurve\globalCurve0_7_2\Debug\model_lexicon.obj
\\vmware-host\Shared Folders\Documents\GlobalCurve\globalCurve0_7_2\Debug\newt.obj
\\vmware-host\Shared Folders\Documents\GlobalCurve\globalCurve0_7_2\Debug\nitems.obj
\\vmware-host\Shared Folders\Documents\GlobalCurve\globalCurve0_7_2\Debug\normalize_alpha.obj
\\vmware-host\Shared Folders\Documents\GlobalCurve\globalCurve0_7_2\Debug\Nr.obj
\\vmware-host\Shared Folders\Documents\GlobalCurve\globalCurve0_7_2\Debug\Nrtype.obj
\\vmware-host\Shared Folders\Documents\GlobalCurve\globalCurve0_7_2\Debug\Nrutil.obj
\\vmware-host\Shared Folders\Documents\GlobalCurve\globalCurve0_7_2\Debug\Numerical_libraries.obj
\\vmware-host\Shared Folders\Documents\GlobalCurve\globalCurve0_7_2\Debug\odeint_time.obj
\\vmware-host\Shared Folders\Documents\GlobalCurve\globalCurve0_7_2\Debug\odeint_time_contraction.obj
\\vmware-host\Shared Folders\Documents\GlobalCurve\globalCurve0_7_2\Debug\odeint_time_isotonic.obj
\\vmware-host\Shared Folders\Documents\GlobalCurve\globalCurve0_7_2\Debug\odeint_time_isotonicf90.obj
\\vmware-host\Shared Folders\Documents\GlobalCurve\globalCurve0_7_2\Debug\odeint2.obj
\\vmware-host\Shared Folders\Documents\GlobalCurve\globalCurve0_7_2\Debug\order_1_anis.obj
\\vmware-host\Shared Folders\Documents\GlobalCurve\globalCurve0_7_2\Debug\order_2_anis.obj
\\vmware-host\Shared Folders\Documents\GlobalCurve\globalCurve0_7_2\Debug\output_results.obj
\\vmware-host\Shared Folders\Documents\GlobalCurve\globalCurve0_7_2\Debug\output_rig_res.obj
\\vmware-host\Shared Folders\Documents\GlobalCurve\globalCurve0_7_2\Debug\plot_driver.obj
\\vmware-host\Shared Folders\Documents\GlobalCurve\globalCurve0_7_2\Debug\plot_points.obj
\\vmware-host\Shared Folders\Documents\GlobalCurve\globalCurve0_7_2\Debug\polint.obj
\\vmware-host\Shared Folders\Documents\GlobalCurve\globalCurve0_7_2\Debug\pos.obj
\\vmware-host\Shared Folders\Documents\GlobalCurve\globalCurve0_7_2\Debug\pythag.obj
\\vmware-host\Shared Folders\Documents\GlobalCurve\globalCurve0_7_2\Debug\qrdcmp.obj
\\vmware-host\Shared Folders\Documents\GlobalCurve\globalCurve0_7_2\Debug\qromb.obj
\\vmware-host\Shared Folders\Documents\GlobalCurve\globalCurve0_7_2\Debug\qrupdt.obj
\\vmware-host\Shared Folders\Documents\GlobalCurve\globalCurve0_7_2\Debug\readans.obj
\\vmware-host\Shared Folders\Documents\GlobalCurve\globalCurve0_7_2\Debug\rieman_integrate.obj
\\vmware-host\Shared Folders\Documents\GlobalCurve\globalCurve0_7_2\Debug\rigorous.obj
\\vmware-host\Shared Folders\Documents\GlobalCurve\globalCurve0_7_2\Debug\rotate.obj
\\vmware-host\Shared Folders\Documents\GlobalCurve\globalCurve0_7_2\Debug\round.obj
\\vmware-host\Shared Folders\Documents\GlobalCurve\globalCurve0_7_2\Debug\rsolv.obj
\\vmware-host\Shared Folders\Documents\GlobalCurve\globalCurve0_7_2\Debug\shift.obj
\\vmware-host\Shared Folders\Documents\GlobalCurve\globalCurve0_7_2\Debug\sides.obj
\\vmware-host\Shared Folders\Documents\GlobalCurve\globalCurve0_7_2\Debug\sides_3D.obj
\\vmware-host\Shared Folders\Documents\GlobalCurve\globalCurve0_7_2\Debug\simple_constrain.obj
\\vmware-host\Shared Folders\Documents\GlobalCurve\globalCurve0_7_2\Debug\simple_convolute.obj
\\vmware-host\Shared Folders\Documents\GlobalCurve\globalCurve0_7_2\Debug\steepest_descent.obj
\\vmware-host\Shared Folders\Documents\GlobalCurve\globalCurve0_7_2\Debug\stiff2.obj
\\vmware-host\Shared Folders\Documents\GlobalCurve\globalCurve0_7_2\Debug\stiff3.obj
\\vmware-host\Shared Folders\Documents\GlobalCurve\globalCurve0_7_2\Debug\sum_of_exponentials.obj
\\vmware-host\Shared Folders\Documents\GlobalCurve\globalCurve0_7_2\Debug\three_state_A_M_ATPase.obj
\\vmware-host\Shared Folders\Documents\GlobalCurve\globalCurve0_7_2\Debug\three_state_A_M_bound.obj
\\vmware-host\Shared Folders\Documents\GlobalCurve\globalCurve0_7_2\Debug\three_state_A_M_force.obj
\\vmware-host\Shared Folders\Documents\GlobalCurve\globalCurve0_7_2\Debug\three_state_A_M_norm_ATPase.obj
\\vmware-host\Shared Folders\Documents\GlobalCurve\globalCurve0_7_2\Debug\three_state_A_M_norm_force.obj
\\vmware-host\Shared Folders\Documents\GlobalCurve\globalCurve0_7_2\Debug\three_state_bapta_force.obj
\\vmware-host\Shared Folders\Documents\GlobalCurve\globalCurve0_7_2\Debug\three_state_contraction.obj
\\vmware-host\Shared Folders\Documents\GlobalCurve\globalCurve0_7_2\Debug\three_state_diazo_2_force.obj
\\vmware-host\Shared Folders\Documents\GlobalCurve\globalCurve0_7_2\Debug\three_state_ktr_ATPase.obj
\\vmware-host\Shared Folders\Documents\GlobalCurve\globalCurve0_7_2\Debug\three_state_ktr_bound.obj
\\vmware-host\Shared Folders\Documents\GlobalCurve\globalCurve0_7_2\Debug\three_state_ktr_force.obj
\\vmware-host\Shared Folders\Documents\GlobalCurve\globalCurve0_7_2\Debug\three_state_model.obj
\\vmware-host\Shared Folders\Documents\GlobalCurve\globalCurve0_7_2\Debug\three_state_quin2_force.obj
\\vmware-host\Shared Folders\Documents\GlobalCurve\globalCurve0_7_2\Debug\three_state_simple_model.obj
\\vmware-host\Shared Folders\Documents\GlobalCurve\globalCurve0_7_2\Debug\three_state_SS.obj
\\vmware-host\Shared Folders\Documents\GlobalCurve\globalCurve0_7_2\Debug\three_state_SS_ATPase.obj
\\vmware-host\Shared Folders\Documents\GlobalCurve\globalCurve0_7_2\Debug\three_state_SS_ATPase_RU_g.obj
\\vmware-host\Shared Folders\Documents\GlobalCurve\globalCurve0_7_2\Debug\three_state_SS_ATPase_S1_extr.obj
\\vmware-host\Shared Folders\Documents\GlobalCurve\globalCurve0_7_2\Debug\three_state_SS_ATPase_TnC_extr.obj
\\vmware-host\Shared Folders\Documents\GlobalCurve\globalCurve0_7_2\Debug\three_state_SS_force.obj
\\vmware-host\Shared Folders\Documents\GlobalCurve\globalCurve0_7_2\Debug\three_state_SS_force_NEM_S1.obj
\\vmware-host\Shared Folders\Documents\GlobalCurve\globalCurve0_7_2\Debug\three_state_SS_force_RU_g.obj
\\vmware-host\Shared Folders\Documents\GlobalCurve\globalCurve0_7_2\Debug\three_state_SS_force_S1_extr.obj
\\vmware-host\Shared Folders\Documents\GlobalCurve\globalCurve0_7_2\Debug\three_state_SS_force_TnC_extr.obj
\\vmware-host\Shared Folders\Documents\GlobalCurve\globalCurve0_7_2\Debug\three_state_t_model.obj
\\vmware-host\Shared Folders\Documents\GlobalCurve\globalCurve0_7_2\Debug\time_dom_fluor_plot.obj
\\vmware-host\Shared Folders\Documents\GlobalCurve\globalCurve0_7_2\Debug\time_dom_fluor_plot_drv.obj
\\vmware-host\Shared Folders\Documents\GlobalCurve\globalCurve0_7_2\Debug\time_dom_fluor_simul_plot.obj
\\vmware-host\Shared Folders\Documents\GlobalCurve\globalCurve0_7_2\Debug\transform_coords.obj
\\vmware-host\Shared Folders\Documents\GlobalCurve\globalCurve0_7_2\Debug\trapezoidal_integrate.obj
\\vmware-host\Shared Folders\Documents\GlobalCurve\globalCurve0_7_2\Debug\trapzd.obj
\\vmware-host\Shared Folders\Documents\GlobalCurve\globalCurve0_7_2\Debug\tri_ge.obj
\\vmware-host\Shared Folders\Documents\GlobalCurve\globalCurve0_7_2\Debug\tri_mat_mult.obj
\\vmware-host\Shared Folders\Documents\GlobalCurve\globalCurve0_7_2\Debug\trim_string.obj
\\vmware-host\Shared Folders\Documents\GlobalCurve\globalCurve0_7_2\Debug\two_step_binding.obj
\\vmware-host\Shared Folders\Documents\GlobalCurve\globalCurve0_7_2\Debug\update_fixed_param_val.obj
\\vmware-host\Shared Folders\Documents\GlobalCurve\globalCurve0_7_2\Debug\vert_polarized.obj
\\vmware-host\Shared Folders\Documents\GlobalCurve\globalCurve0_7_2\Debug\wacko_func.obj
