 anis3_3.out                                                             
 Number of iterations:           10
 Global Chi Sqr:    1.412137    
 Analysis time:    14.71875    
   #  Parameter      Value      Standard Deviation Est.
   1 alpha1          1.0000E+00
   2 tau1            8.3814E+00
   3 alpha2          1.2267E+00
   4 tau2            3.1908E-01
   5 alpha3          2.5453E+00
   6 tau3            1.9977E+01
   7 beta1           1.6957E-01 +/-   1.198E-01
   8 phi1            7.9917E+01 +/-   1.685E+02
   9 beta2           8.2971E-02 +/-   1.118E-01
  10 phi2            4.2288E+00 +/-   1.286E+01
  11 beta3           1.1424E+00 +/-   3.166E+01
  12 phi3            3.5511E-02 +/-   5.700E-01
  13 bounds1         6.5855E+02
  14 bounds2         6.4845E+02 +/-   1.501E+01
  15 bounds3         2.7500E+02
  16 qshift1        -9.4027E-03 +/-   6.487E-01
