 Cys374_Ca.out                                                           
 Number of iterations:           29
 Global Chi Sqr:    15.98223    
 Analysis time:    6.207031    
   #  Parameter      Value      Standard Deviation Est.
   1 x               8.8536E+01 +/-   1.391E+02
   2 y               6.6758E+01 +/-   2.657E+02
   3 z               1.4135E+02 +/-   4.705E+01
   4 alpha_1         6.7000E-01
   5 alpha_1         7.1000E-01
   6 alpha_1         1.0000E+00
   7 alpha_1         9.2000E-01
   8 R0_1            3.9100E+01
   9 R0_2            4.5500E+01
  10 R0_3            4.5400E+01
  11 R0_4            4.0800E+01
  12 A_x_1           1.6240E+01
  13 A_y_1          -1.0255E+01
  14 A_z_1           5.6180E+00
  15 A_x_2           1.3863E+01
  16 A_y_2           2.0091E+01
  17 A_z_2           2.8272E+01
  18 A_x_3           1.5959E+01
  19 A_y_3           7.4390E+00
  20 A_z_3           2.3035E+01
  21 A_x_4           2.1609E+01
  22 A_y_4           1.2382E+01
  23 A_z_4          -1.6318E+01
  24 bounds          1.0000E+00
