 three_state_all.out                                                     
 Number of iterations:           67
 Global Chi Sqr:   0.6543491    
 Analysis time:    653.0684    
   #  Parameter      Value      Standard Deviation Est.
   1 kon             2.5036E+08 +/-   8.255E+08
   2 koff            9.2745E+02 +/-   3.076E+03
   3 f               3.5969E-03 +/-   3.132E-02
   4 g               2.5577E+00 +/-   1.163E+00
   5 u               1.9057E-01 +/-   4.275E-02
   6 v               3.4606E+01 +/-   1.528E+02
   7 w               7.8000E-01
   8 x               1.7044E+00 +/-   6.686E-01
   9 z               4.0402E-01 +/-   1.064E+00
  10 offset1        -1.0946E-02
  11 offset2        -1.8395E-02
  12 scale1          1.4475E+01 +/-   1.100E+01
  13 scale2          1.8371E+00 +/-   1.640E+00
  14 bounds          1.0000E+00
  15 offset3         0.0000E+00
  16 offset4         1.0000E+00
  17 pCa_2           6.0100E+00
  18 pCa_4           5.9300E+00
  19 pCa_6           5.8500E+00
  20 pCa_8           5.7400E+00
  21 pCa_10          5.3800E+00
