 cys374.out                                                              
 Number of iterations:            9
 Global Chi Sqr:    4.386406    
 Analysis time:    4.669922    
   #  Parameter      Value      Standard Deviation Est.
   1 x               3.2645E+01 +/-   1.205E+01
   2 y               1.1217E+02 +/-   2.459E+01
   3 z               1.0831E+02 +/-   3.439E+01
   4 R0_1            3.9100E+01
   5 R0_2            4.5500E+01
   6 R0_3            4.4900E+01
   7 R0_4            4.1500E+01
   8 A_x_1           1.6240E+01
   9 A_y_1          -1.0255E+01
  10 A_z_1           5.6180E+00
  11 A_x_2           1.3863E+01
  12 A_y_2           2.0091E+01
  13 A_z_2           2.8272E+01
  14 A_x_3           1.5959E+01
  15 A_y_3           7.4390E+00
  16 A_z_3           2.3035E+01
  17 A_x_4           2.1609E+01
  18 A_y_4           1.2382E+01
  19 A_z_4          -1.6318E+01
  20 bounds          1.0000E+00
