 ida_gamma.out                                                           
 Number of iterations:            4
 Global Chi Sqr:    1.062494    
 Analysis time:    56.35156    
   #  Parameter      Value      Standard Deviation Est.
   1 alpha1          1.4683E+00
   2 tau1            1.8223E-01
   3 alpha2          1.9583E+00
   4 tau2            2.0518E+00
   5 alpha3          1.5082E+00
   6 tau3            5.3787E+00
   7 R0              2.3000E+01
   8 t               6.1017E+00 +/-   3.318E+01
   9 s               2.8904E+00 +/-   1.350E+01
  10 frac            9.4979E-01 +/-   3.701E-01
  11 bounds1         1.3201E+03 +/-   2.703E+03
  12 qshift1         6.0595E-01 +/-   2.856E+00
Experiment( 1, 1)
 For the observable ET range:
 Mean =  18.111,hw =  16.177, mean TE =0.738
 For the distances 0 to rmax:
 Mean =  17.636,hw =  16.812, mean TE =0.748
