 sum_3.out                                                               
 Number of iterations:           21
 Global Chi Sqr:    1.286045    
 Analysis time:    59.39453    
   #  Parameter      Value      Standard Deviation Est.
   1 alpha1          1.0000E+00
   2 tau1            8.3874E+00 +/-   1.641E+01
   3 alpha2          1.2246E+00 +/-   4.114E+00
   4 tau2            3.1970E-01 +/-   6.580E-01
   5 alpha3          2.5421E+00 +/-   1.076E+01
   6 tau3            1.9980E+01 +/-   9.927E+00
   7 beta1           1.0000E+00
   8 phi1            1.8600E+01
   9 beta2           6.7000E-01
  10 phi2            2.0000E-01
  11 beta3           0.0000E+00
  12 phi3            2.0000E+00
  13 bounds1         6.5911E+02 +/-   1.961E+03
  14 bounds2         2.7500E+02
  15 bounds3         2.7500E+02
  16 qshift1         1.0000E-01
