 three_state_SS_S1_both.out                                              
 Number of iterations:           40
 Global Chi Sqr:    7.931796    
 Analysis time:    19.61328    
   #  Parameter      Value      Standard Deviation Est.
   1 kon             1.6116E+07 +/-   4.521E+07
   2 koff            2.0000E+02
   3 f               1.6761E+00 +/-   9.205E+00
   4 g               1.5000E+01
   5 u               2.1002E+00 +/-   1.374E+00
   6 v              -2.9713E+00 +/-   2.697E+00
   7 w               3.2604E-01 +/-   1.196E+00
   8 x              -9.5566E-01 +/-   3.924E+00
   9 z               3.4505E+00 +/-   1.826E+01
  10 offset1        -3.0797E-03 +/-   1.432E-01
  11 offset2        -1.8668E-02 +/-   5.801E-01
  12 scale1          1.0119E+01 +/-   1.167E+01
  13 scale2          1.7777E-01 +/-   6.351E-01
  14 bounds          1.0000E+00
  15 S1              8.2346E-01 +/-   1.601E+00
