 three_state_all2.out                                                    
 Number of iterations:            1
 Global Chi Sqr:    2.792792    
 Analysis time:    8.300781    
   #  Parameter      Value      Standard Deviation Est.
   1 kon             1.4837E+07 +/-   8.479E+07
   2 koff            8.0021E+01 +/-   4.160E+02
   3 f               4.4465E-02 +/-   6.300E-01
   4 g               2.3517E+00 +/-   3.820E+00
   5 u               2.1104E-01 +/-   4.451E-01
   6 v               1.7022E+01 +/-   1.288E+02
   7 w               6.9306E-01 +/-   1.527E+00
   8 x               1.5378E+00 +/-   5.365E+00
   9 z               3.7404E-02 +/-   4.779E+00
  10 offset1        -1.0946E-02
  11 offset2        -1.8395E-02
  12 scale1          1.2313E+01 +/-   3.745E+01
  13 scale2          1.9562E+00 +/-   7.188E+00
  14 bounds          1.0000E+00
  15 offset3         0.0000E+00
  16 offset4         1.0000E+00
  17 pCa_2           6.0100E+00
  18 pCa_4           5.9300E+00
  19 pCa_6           5.8500E+00
  20 pCa_8           5.7400E+00
  21 pCa_10          5.3800E+00
